<?xml version="1.0" encoding="UTF-8"?>
<!-- Generated by org.testng.reporters.JUnitReportReporter -->
<testsuite hostname="IN3320650W2" failures="0" tests="1" name="Testcases.VerifyLogin_Functionality" time="15.951" errors="0" timestamp="2022-12-20T16:29:00 IST" skipped="0">
  <testcase classname="Testcases.VerifyLogin_Functionality" name="verifyLoginFunctionality" time="15.951"/>
  <system-out>
    <![CDATA[Proxy element for: DefaultElementLocator 'By.xpath: //ul[contains(@class,'nav navbar-nav navbar-right margin-right-logo')]//li[@class='dropdown loggedout']' is clicked sucessfully
[[EdgeDriver: msedge on WINDOWS (19b2489825d5a410baad3be4560a88b7)] -> css selector: div.navbar-collapse.paddingleft0 > ul > li.dropdown.loggedout > ul > li:nth-child(1) > a] is clicked sucessfully
[[EdgeDriver: msedge on WINDOWS (19b2489825d5a410baad3be4560a88b7)] -> css selector: #modalLogin > div > div > div.modal-body > form > button] is clicked sucessfully
kalichaitanya.basuri19@gmail.com  is Entered in to the Email address
[[EdgeDriver: msedge on WINDOWS (19b2489825d5a410baad3be4560a88b7)] -> css selector: #modalLogin > div > div > div.modal-body > form > button] is clicked sucessfully
Expected Value "This value is required." and Actual Values in Application is This value is required.
kalichaitanya.basuri19@gmail.com  is Entered in to the Email address
odfgdfgdfg  is Entered in to the Password
[[EdgeDriver: msedge on WINDOWS (19b2489825d5a410baad3be4560a88b7)] -> css selector: #modalLogin > div > div > div.modal-body > form > button] is clicked sucessfully
Expected Value Incorrect email address and password combination. Please try again.and Actual Value in Application is Incorrect email address and password combination. Please try again.
[[EdgeDriver: msedge on WINDOWS (19b2489825d5a410baad3be4560a88b7)] -> css selector: #modalMsg > div > div > div.modal-header > button] is clicked sucessfully
kalichaitanya.basuri19@gmail.com  is Entered in to the Email address
password4321  is Entered in to the Password
[[EdgeDriver: msedge on WINDOWS (19b2489825d5a410baad3be4560a88b7)] -> css selector: #modalLogin > div > div > div.modal-body > form > button] is clicked sucessfully]]>
  </system-out>
</testsuite> <!-- Testcases.VerifyLogin_Functionality -->
