<?xml version="1.0" encoding="UTF-8"?>
<!-- Generated by org.testng.reporters.JUnitReportReporter -->
<testsuite hostname="IN3320650W2" failures="0" tests="1" name="Testcases.Verify_Dateformat" time="30.491" errors="0" timestamp="2022-12-20T16:29:00 IST" skipped="0">
  <testcase classname="Testcases.Verify_Dateformat" name="Verify_Dateformat" time="30.491"/>
  <system-out>
    <![CDATA[Application not accepting the date format of DD/MM/YY
Application not accepting the date format of MM/DD/YY
Application not accepting the single digit date format of M/D/YY
Delhi  is Entered in to the Type City Name or Airport Code
[[EdgeDriver: msedge on WINDOWS (19b2489825d5a410baad3be4560a88b7)] -> css selector: li.ui-menu-item:nth-child(1)] is clicked sucessfully
Bangalore  is Entered in to the Type City Name or Airport Code
[[EdgeDriver: msedge on WINDOWS (19b2489825d5a410baad3be4560a88b7)] -> xpath: //ul[@class='ui-autocomplete ui-front ui-menu ui-widget ui-widget-content ui-corner-all']//a[contains(text(),'Bangalore')]] is clicked sucessfully
Selected the 1 in to the Select options of  combobox
Selected the 1 in to the Select options of  combobox
Selected the 1 in to the Select options of  combobox
Selected the Business Class in to the Select options of  
[[EdgeDriver: msedge on WINDOWS (19b2489825d5a410baad3be4560a88b7)] -> id: searchFlightsBtn] is clicked sucessfully
Flight filtering is working fine]]>
  </system-out>
</testsuite> <!-- Testcases.Verify_Dateformat -->
