<?xml version="1.0" encoding="UTF-8"?>
<!-- Generated by org.testng.reporters.JUnitReportReporter -->
<testsuite hostname="IN3320650W2" failures="0" tests="2" name="Testcases.Verify_FlightData" time="79.220" errors="0" timestamp="2022-12-20T16:29:00 IST" skipped="0">
  <testcase classname="Testcases.Verify_FlightData" name="Verify_FlightInformation" time="21.237"/>
  <system-out>
    <![CDATA[[[EdgeDriver: msedge on WINDOWS (19b2489825d5a410baad3be4560a88b7)] -> xpath: //div[@class='welcomePageModalSheetContent']//div[@aria-label='close']] is clicked sucessfully
Bangalore  is Entered in to the Type City Name or Airport Code
[[EdgeDriver: msedge on WINDOWS (19b2489825d5a410baad3be4560a88b7)] -> css selector: li.ui-menu-item:nth-child(1)] is clicked sucessfully
[[EdgeDriver: msedge on WINDOWS (19b2489825d5a410baad3be4560a88b7)] -> id: searchFlightsBtn] is clicked sucessfully
[Bangalore, India - Bangalore International Airport (BLR)]]]>
  </system-out>
  <testcase classname="Testcases.Verify_FlightData" name="Verify_FlightDetails" time="57.983"/>
  <system-out>
    <![CDATA[Route: DEL → BLR
Date: 23-12-2022
Duration: 02:45:00
Trip Type: Round Trip
Stops: 0 Stops(s)
Fare Type: Refundable
[[EdgeDriver: msedge on WINDOWS (19b2489825d5a410baad3be4560a88b7)] -> css selector: #fare_rules_modal > div.modal-header > button] is clicked sucessfully
Route: BLR → DEL
Date: 23-12-2022
Duration: 03:00:00
Trip Type: Round Trip
Stops: 0 Stops(s)
Fare Type: Refundable
[[EdgeDriver: msedge on WINDOWS (19b2489825d5a410baad3be4560a88b7)] -> css selector: #fare_rules_modal > div.modal-header > button] is clicked sucessfully
[Route: DEL → BLR, Date: 23-12-2022, Duration: 02:45:00, Trip Type: Round Trip, Stops: 0 Stops(s), Fare Type: Refundable]]]>
  </system-out>
</testsuite> <!-- Testcases.Verify_FlightData -->
